Using the latest cached version of the dataset since cifar10 couldn't be found on the Hugging Face Hub
Found the latest cached dataset configuration 'plain_text' at C:\Users\debas\.cache\huggingface\datasets\cifar10\plain_text\0.0.0\0b2714987fa478483af9968de7c934580d0bb9a2 (last modified on Sun Apr 20 14:32:40 2025).
WARNING :   DEPRECATED FEATURE: flwr.client.start_client() is deprecated.
        Instead, use the `flower-supernode` CLI command to start a SuperNode as shown below:

                $ flower-supernode --insecure --superlink='<IP>:<PORT>'

        To view all available options, run:

                $ flower-supernode --help

        Using `start_client()` is deprecated.

            This is a deprecated feature. It will be removed
            entirely in future versions of Flower.
        
INFO :      
INFO :      Received: train message d9ffbb6c-b200-4f85-8257-7519abb25c79
Starting training...
Starting evalutation...
Starting evalutation...
INFO :      Sent reply
INFO :      Disconnect and shut down

E:\RIO project\Flair\official\flair\merger>python async_client.py
Using the latest cached version of the dataset since cifar10 couldn't be found on the Hugging Face Hub
Found the latest cached dataset configuration 'plain_text' at C:\Users\debas\.cache\huggingface\datasets\cifar10\plain_text\0.0.0\0b2714987fa478483af9968de7c934580d0bb9a2 (last modified on Sun Apr 20 14:32:40 2025).
WARNING :   DEPRECATED FEATURE: flwr.client.start_client() is deprecated.
        Instead, use the `flower-supernode` CLI command to start a SuperNode as shown below:
Starting evalutation...
Starting evalutation...
INFO :      Sent reply
INFO :      Disconnect and shut down