Using the latest cached version of the dataset since cifar10 couldn't be found on the Hugging Face Hub
Found the latest cached dataset configuration 'plain_text' at C:\Users\debas\.cache\huggingface\datasets\cifar10\plain_text\0.0.0\0b2714987fa478483af9968de7c934580d0bb9a2 (last modified on Sun Apr 20 14:32:40 2025).
WARNING :   DEPRECATED FEATURE: flwr.client.start_client() is deprecated.  
        Instead, use the `flower-supernode` CLI command to start a SuperNode as shown below:
Found the latest cached dataset configuration 'plain_text' at C:\Users\debas\.cache\huggingface\datasets\cifar10\plain_text\0.0.0\0b2714987fa478483af9968de7c934580d0bb9a2 (last modified on Sun Apr 20 14:32:40 2025).
WARNING :   DEPRECATED FEATURE: flwr.client.start_client() is deprecated.  
        Instead, use the `flower-supernode` CLI command to start a SuperNode as shown below:

                $ flower-supernode --insecure --superlink='<IP>:<PORT>'    

        To view all available options, run:

                $ flower-supernode --help

        Using `start_client()` is deprecated.

            This is a deprecated feature. It will be removed
            entirely in future versions of Flower.

INFO :
                $ flower-supernode --insecure --superlink='<IP>:<PORT>'    

        To view all available options, run:

                $ flower-supernode --help

        Using `start_client()` is deprecated.

            This is a deprecated feature. It will be removed
            entirely in future versions of Flower.

INFO :
        To view all available options, run:

                $ flower-supernode --help

        Using `start_client()` is deprecated.

            This is a deprecated feature. It will be removed
            entirely in future versions of Flower.

INFO :

        Using `start_client()` is deprecated.

            This is a deprecated feature. It will be removed
            entirely in future versions of Flower.

INFO :
        Using `start_client()` is deprecated.

            This is a deprecated feature. It will be removed
            entirely in future versions of Flower.

INFO :

            This is a deprecated feature. It will be removed
            entirely in future versions of Flower.

INFO :

INFO :
INFO :      Received: train message f4c906db-16cc-43d9-8a31-4fd1e3843e57   
INFO :      Received: train message f4c906db-16cc-43d9-8a31-4fd1e3843e57   
Starting training...
Starting evalutation...
Starting evalutation...
Starting training...
Starting evalutation...
Starting evalutation...
INFO :      Sent reply
INFO :      Disconnect and shut down
