Using the latest cached version of the dataset since cifar10 couldn't be found on the Hugging Face Hub
Found the latest cached dataset configuration 'plain_text' at C:\Users\debas\.cache\huggingface\datasets\cifar10\plain_text\0.0.0\0b2714987fa478483af9968de7c934580d0bb9a2 (last modified on Sun Apr 20 14:32:40 2025).
WARNING :   
Setting `min_available_clients` lower than `min_fit_clients` or
`min_evaluate_clients` can cause the server to fail when there are too few clients
connected to the server. `min_available_clients` must be set to a value larger
than or equal to the values of `min_fit_clients` and `min_evaluate_clients`.

WARNING :   DEPRECATED FEATURE: flwr.server.start_server() is deprecated.
        Instead, use the `flower-superlink` CLI command to start a SuperLink as shown below:

                $ flower-superlink --insecure

        To view usage and all available options, run:

                $ flower-superlink --help

        Using `start_server()` is deprecated.

            This is a deprecated feature. It will be removed
            entirely in future versions of Flower.

INFO :      Starting Flower server, config: num_rounds=53, no round_timeout
INFO :      Flower ECE: gRPC server running (53 rounds), SSL is disabled
INFO :      [INIT]
INFO :      Using initial global parameters provided by strategy
INFO :      Starting evaluation of initial global parameters
Starting evalutation...
INFO :      Registering client with id: ec541c2f13e74cd2a763cb70ac47b224
INFO :      initial parameters (loss, other metrics): 1463.826008796692, {'accuracy': 0.0796}
INFO :      
INFO :      [ROUND 1]
INFO :      Sampling 1 clients, min 1
INFO :      configure_fit: strategy sampled 1 clients (out of 1)
INFO :      aggregate_fit: received 1 results and 0 failures
WARNING :   No fit_metrics_aggregation_fn provided
Starting evalutation...
INFO :      fit progress: (1, 1092.4920508861542, {'accuracy': 0.6032}, 1447.7954322000005)
INFO :      configure_evaluate: no clients selected, skipping evaluation
INFO :
INFO :      [ROUND 2]
INFO :      Sampling 1 clients, min 1
INFO :      Sampling failed: number of available free clients (0) is less than number of requested free clients (1).
INFO :      configure_fit: no clients selected, cancel
Starting evalutation...
INFO :      fit progress: (2, 1092.4920508861542, {'accuracy': 0.6032}, 1931.5647771000004)
INFO :      configure_evaluate: no clients selected, skipping evaluation
INFO :
INFO :      [ROUND 3]
INFO :      Sampling 1 clients, min 1
INFO :      Sampling failed: number of available free clients (0) is less than number of requested free clients (1).
INFO :      configure_fit: no clients selected, cancel
Starting evalutation...
INFO :      fit progress: (3, 1092.4920508861542, {'accuracy': 0.6032}, 2420.5005452000005)
INFO :      configure_evaluate: no clients selected, skipping evaluation
INFO :
INFO :      [ROUND 4]
INFO :      Sampling 1 clients, min 1
INFO :      Sampling failed: number of available free clients (0) is less than number of requested free clients (1).
INFO :      configure_fit: no clients selected, cancel
Starting evalutation...
INFO :      fit progress: (4, 1092.4920508861542, {'accuracy': 0.6032}, 2903.9453104000004)
INFO :      configure_evaluate: no clients selected, skipping evaluation
INFO :
INFO :      [ROUND 5]
INFO :      Sampling 1 clients, min 1
INFO :      Sampling failed: number of available free clients (0) is less than number of requested free clients (1).
INFO :      configure_fit: no clients selected, cancel
Starting evalutation...
INFO :      Unregistering client with id: ec541c2f13e74cd2a763cb70ac47b224
INFO :      Registering client with id: ac6804cbc0a04941a43d8028f6ef9fbe
INFO :      fit progress: (5, 1092.4920508861542, {'accuracy': 0.6032}, 3397.8602895999993)
INFO :      configure_evaluate: no clients selected, skipping evaluation
INFO :
INFO :      [ROUND 6]
INFO :      Sampling 1 clients, min 1
INFO :      configure_fit: strategy sampled 1 clients (out of 1)
INFO :      aggregate_fit: received 1 results and 0 failures
Starting evalutation...
INFO :      fit progress: (6, 715.1162436008453, {'accuracy': 0.7367}, 4871.2655730999995)
INFO :      configure_evaluate: no clients selected, skipping evaluation
INFO :
INFO :      [ROUND 7]
INFO :      Sampling 1 clients, min 1
INFO :      Sampling failed: number of available free clients (0) is less than number of requested free clients (1).
INFO :      configure_fit: no clients selected, cancel
Starting evalutation...
INFO :      fit progress: (7, 715.1162436008453, {'accuracy': 0.7367}, 5369.918652)
INFO :      configure_evaluate: no clients selected, skipping evaluation
INFO :
INFO :      [ROUND 8]
INFO :      Sampling 1 clients, min 1
INFO :      Sampling failed: number of available free clients (0) is less than number of requested free clients (1).
INFO :      configure_fit: no clients selected, cancel
Starting evalutation...
INFO :      fit progress: (8, 715.1162436008453, {'accuracy': 0.7367}, 5873.4253931)
INFO :      configure_evaluate: no clients selected, skipping evaluation
INFO :
INFO :      [ROUND 9]
INFO :      Sampling 1 clients, min 1
INFO :      Sampling failed: number of available free clients (0) is less than number of requested free clients (1).
INFO :      configure_fit: no clients selected, cancel
Starting evalutation...
INFO :      fit progress: (9, 715.1162436008453, {'accuracy': 0.7367}, 6354.761906199999)
INFO :      configure_evaluate: no clients selected, skipping evaluation
INFO :
INFO :      [ROUND 10]
INFO :      Sampling 1 clients, min 1
INFO :      Sampling failed: number of available free clients (0) is less than number of requested free clients (1).
INFO :      configure_fit: no clients selected, cancel
Starting evalutation...
INFO :      fit progress: (10, 715.1162436008453, {'accuracy': 0.7367}, 6831.6440747)
INFO :      configure_evaluate: no clients selected, skipping evaluation
INFO :
INFO :      [ROUND 11]
INFO :      Sampling 1 clients, min 1
INFO :      Sampling failed: number of available free clients (0) is less than number of requested free clients (1).
INFO :      configure_fit: no clients selected, cancel
Starting evalutation...
INFO :      fit progress: (11, 715.1162436008453, {'accuracy': 0.7367}, 7311.762816)
INFO :      configure_evaluate: no clients selected, skipping evaluation
INFO :
INFO :      [ROUND 12]
INFO :      Sampling 1 clients, min 1
INFO :      Sampling failed: number of available free clients (0) is less than number of requested free clients (1).
INFO :      configure_fit: no clients selected, cancel
Starting evalutation...
INFO :      fit progress: (12, 715.1162436008453, {'accuracy': 0.7367}, 7789.4122535999995)
INFO :      configure_evaluate: no clients selected, skipping evaluation
INFO :
INFO :      [ROUND 13]
INFO :      Sampling 1 clients, min 1
INFO :      Sampling failed: number of available free clients (0) is less than number of requested free clients (1).
INFO :      configure_fit: no clients selected, cancel
Starting evalutation...
INFO :      Unregistering client with id: ac6804cbc0a04941a43d8028f6ef9fbe