WARNING :   
Setting `min_available_clients` lower than `min_fit_clients` or
`min_evaluate_clients` can cause the server to fail when there are too few clients
connected to the server. `min_available_clients` must be set to a value larger
than or equal to the values of `min_fit_clients` and `min_evaluate_clients`.

WARNING :   DEPRECATED FEATURE: flwr.server.start_server() is deprecated.
        Instead, use the `flower-superlink` CLI command to start a SuperLink as shown below:

                $ flower-superlink --insecure

        To view usage and all available options, run:

                $ flower-superlink --help

        Using `start_server()` is deprecated.

            This is a deprecated feature. It will be removed
            entirely in future versions of Flower.

INFO :      Starting Flower server, config: num_rounds=53, no round_timeout
INFO :      Flower ECE: gRPC server running (53 rounds), SSL is disabled
INFO :      [INIT]
INFO :      Using initial global parameters provided by strategy
INFO :      Starting evaluation of initial global parameters
INFO :      Registering client with id: e9550ff5482546cc8fca82fe0110fa9b
INFO :      Registering client with id: e9550ff5482546cc8fca82fe0110fa9b
INFO :      initial parameters (loss, other metrics): 1481.19766497612, {'accuracy': 0.0561}
INFO :
INFO :      [ROUND 1]
INFO :      Sampling 1 clients, min 1
INFO :      configure_fit: strategy sampled 1 clients (out of 1)      
INFO :      aggregate_fit: received 1 results and 0 failures
INFO :      fit progress: (1, 1117.9687986373901, {'accuracy': 0.5696}, 1378.470326)
INFO :      configure_evaluate: no clients selected, skipping evaluation
INFO :
INFO :      [ROUND 2]
INFO :      Sampling 1 clients, min 1
INFO :      Sampling failed: number of available free clients (0) is less than number of requested free clients (1).
INFO :      configure_fit: no clients selected, cancel
Starting evalutation...
INFO :      Unregistering client with id: e9550ff5482546cc8fca82fe0110fa9b
INFO :      Registering client with id: fa32a36e99024af499a5c69036b63efc
INFO :      fit progress: (2, 1117.9687986373901, {'accuracy': 0.5696}, 1894.0603866999998)  
INFO :      configure_evaluate: no clients selected, skipping evaluation
INFO :
INFO :      [ROUND 3]
INFO :      Sampling 1 clients, min 1
INFO :      configure_fit: strategy sampled 1 clients (out of 1)
INFO :      aggregate_fit: received 1 results and 0 failures
Starting evalutation...
INFO :      fit progress: (3, 708.146930038929, {'accuracy': 0.7152}, 3394.7216793)
INFO :      configure_evaluate: no clients selected, skipping evaluation
INFO :      
INFO :      [ROUND 4]
INFO :      Sampling 1 clients, min 1
INFO :      Sampling failed: number of available free clients (0) is less than number of requested free clients (1).
INFO :      configure_fit: no clients selected, cancel
Starting evalutation...
INFO :      Unregistering client with id: fa32a36e99024af499a5c69036b63efc